2026-02-17 09:10:01 | ============================================================
2026-02-17 09:10:01 |   ALGO AUTO-LAUNCHER
2026-02-17 09:10:01 | ============================================================
2026-02-17 09:10:01 |   Date: 2026-02-17 Tuesday
2026-02-17 09:10:01 |   Algos: ema, sapphire, momentum, supertrend
2026-02-17 09:10:01 |   Python: C:\Users\aprabhu\AppData\Local\Programs\Python\Python313\python.exe
2026-02-17 09:10:01 |   Starting EMA Crossover Paper Trader...
2026-02-17 09:10:01 |     CMD: C:\Users\aprabhu\AppData\Local\Programs\Python\Python313\python.exe C:\Users\aprabhu\work\algo\backtest\paper_trading.py --live
2026-02-17 09:10:01 |     CWD: C:\Users\aprabhu\work\algo\backtest
2026-02-17 09:10:01 |     PID: 16876 — Started
2026-02-17 09:10:01 |   Starting Sapphire Short Strangle...
2026-02-17 09:10:01 |     CMD: C:\Users\aprabhu\AppData\Local\Programs\Python\Python313\python.exe C:\Users\aprabhu\work\algo\sapphire\paper_trading.py --live
2026-02-17 09:10:01 |     CWD: C:\Users\aprabhu\work\algo\sapphire
2026-02-17 09:10:01 |     PID: 12432 — Started
2026-02-17 09:10:01 |   Starting Momentum Dual Confirmation...
2026-02-17 09:10:01 |     CMD: C:\Users\aprabhu\AppData\Local\Programs\Python\Python313\python.exe C:\Users\aprabhu\work\algo\momentum\paper_trading.py --live
2026-02-17 09:10:01 |     CWD: C:\Users\aprabhu\work\algo\momentum
2026-02-17 09:10:01 |     PID: 33204 — Started
2026-02-17 09:10:01 |   Starting Supertrend VWAP Scalping...
2026-02-17 09:10:01 |     CMD: C:\Users\aprabhu\AppData\Local\Programs\Python\Python313\python.exe C:\Users\aprabhu\work\algo\supertrend\paper_trading.py --live
2026-02-17 09:10:01 |     CWD: C:\Users\aprabhu\work\algo\supertrend
2026-02-17 09:10:01 |     PID: 20504 — Started
2026-02-17 09:10:01 | 
  All algos started. Monitoring until 15:35...
2026-02-17 09:12:01 |   EMA Crossover Paper Trader crashed (exit=1). Restarting...
2026-02-17 09:12:01 |   Starting EMA Crossover Paper Trader...
2026-02-17 09:12:01 |     CMD: C:\Users\aprabhu\AppData\Local\Programs\Python\Python313\python.exe C:\Users\aprabhu\work\algo\backtest\paper_trading.py --live
2026-02-17 09:12:01 |     CWD: C:\Users\aprabhu\work\algo\backtest
2026-02-17 09:12:01 |     PID: 22284 — Started
2026-02-17 09:14:01 |   EMA Crossover Paper Trader crashed (exit=1). Restarting...
2026-02-17 09:14:01 |   Starting EMA Crossover Paper Trader...
2026-02-17 09:14:01 |     CMD: C:\Users\aprabhu\AppData\Local\Programs\Python\Python313\python.exe C:\Users\aprabhu\work\algo\backtest\paper_trading.py --live
2026-02-17 09:14:01 |     CWD: C:\Users\aprabhu\work\algo\backtest
2026-02-17 09:14:01 |     PID: 29800 — Started
2026-02-17 09:16:01 |   EMA Crossover Paper Trader crashed (exit=1). Restarting...
2026-02-17 09:16:01 |   Starting EMA Crossover Paper Trader...
2026-02-17 09:16:01 |     CMD: C:\Users\aprabhu\AppData\Local\Programs\Python\Python313\python.exe C:\Users\aprabhu\work\algo\backtest\paper_trading.py --live
2026-02-17 09:16:01 |     CWD: C:\Users\aprabhu\work\algo\backtest
2026-02-17 09:16:01 |     PID: 30676 — Started
2026-02-17 09:18:01 |   EMA Crossover Paper Trader crashed (exit=1). Restarting...
2026-02-17 09:18:01 |   Starting EMA Crossover Paper Trader...
2026-02-17 09:18:01 |     CMD: C:\Users\aprabhu\AppData\Local\Programs\Python\Python313\python.exe C:\Users\aprabhu\work\algo\backtest\paper_trading.py --live
2026-02-17 09:18:01 |     CWD: C:\Users\aprabhu\work\algo\backtest
2026-02-17 09:18:01 |     PID: 31036 — Started
2026-02-17 09:20:00 |   EMA Crossover Paper Trader crashed (exit=1). Restarting...
2026-02-17 09:20:00 |   Starting EMA Crossover Paper Trader...
2026-02-17 09:20:00 |     CMD: C:\Users\aprabhu\AppData\Local\Programs\Python\Python313\python.exe C:\Users\aprabhu\work\algo\backtest\paper_trading.py --live
2026-02-17 09:20:00 |     CWD: C:\Users\aprabhu\work\algo\backtest
2026-02-17 09:20:00 |     PID: 26380 — Started
2026-02-17 09:22:00 |   EMA Crossover Paper Trader crashed (exit=1). Restarting...
2026-02-17 09:22:00 |   Starting EMA Crossover Paper Trader...
2026-02-17 09:22:00 |     CMD: C:\Users\aprabhu\AppData\Local\Programs\Python\Python313\python.exe C:\Users\aprabhu\work\algo\backtest\paper_trading.py --live
2026-02-17 09:22:00 |     CWD: C:\Users\aprabhu\work\algo\backtest
2026-02-17 09:22:00 |     PID: 13752 — Started
2026-02-17 09:24:00 |   EMA Crossover Paper Trader crashed (exit=1). Restarting...
2026-02-17 09:24:00 |   Starting EMA Crossover Paper Trader...
2026-02-17 09:24:00 |     CMD: C:\Users\aprabhu\AppData\Local\Programs\Python\Python313\python.exe C:\Users\aprabhu\work\algo\backtest\paper_trading.py --live
2026-02-17 09:24:00 |     CWD: C:\Users\aprabhu\work\algo\backtest
2026-02-17 09:24:00 |     PID: 5272 — Started
2026-02-17 09:26:00 |   EMA Crossover Paper Trader crashed (exit=1). Restarting...
2026-02-17 09:26:00 |   Starting EMA Crossover Paper Trader...
2026-02-17 09:26:00 |     CMD: C:\Users\aprabhu\AppData\Local\Programs\Python\Python313\python.exe C:\Users\aprabhu\work\algo\backtest\paper_trading.py --live
2026-02-17 09:26:00 |     CWD: C:\Users\aprabhu\work\algo\backtest
2026-02-17 09:26:00 |     PID: 12328 — Started
2026-02-17 09:28:00 |   EMA Crossover Paper Trader crashed (exit=1). Restarting...
2026-02-17 09:28:00 |   Starting EMA Crossover Paper Trader...
2026-02-17 09:28:00 |     CMD: C:\Users\aprabhu\AppData\Local\Programs\Python\Python313\python.exe C:\Users\aprabhu\work\algo\backtest\paper_trading.py --live
2026-02-17 09:28:00 |     CWD: C:\Users\aprabhu\work\algo\backtest
2026-02-17 09:28:00 |     PID: 13984 — Started
2026-02-17 09:30:00 |   EMA Crossover Paper Trader crashed (exit=1). Restarting...
2026-02-17 09:30:00 |   Starting EMA Crossover Paper Trader...
2026-02-17 09:30:00 |     CMD: C:\Users\aprabhu\AppData\Local\Programs\Python\Python313\python.exe C:\Users\aprabhu\work\algo\backtest\paper_trading.py --live
2026-02-17 09:30:00 |     CWD: C:\Users\aprabhu\work\algo\backtest
2026-02-17 09:30:00 |     PID: 11668 — Started
