2026-02-16 14:43:26,830 | INFO    | 
============================================================
2026-02-16 14:43:26,830 | INFO    |   SAPPHIRE PAPER TRADING
2026-02-16 14:43:26,830 | INFO    |   Mode: SIMULATE | Strategy: Short Strangle
2026-02-16 14:43:26,830 | INFO    | ============================================================
2026-02-16 14:43:26,831 | INFO    |   Simulating 5 days of strangle trading...
2026-02-16 14:43:26,993 | DEBUG   | Fetched 225 candles from Dhan (2026-02-11 14:45:00 to 2026-02-16 14:40:00)
2026-02-16 14:43:26,993 | INFO    |   Data: 225 bars | 2026-02-11 to 2026-02-16
2026-02-16 14:43:27,002 | INFO    |   Nifty range: 25455 - 25956

2026-02-16 14:43:27,004 | INFO    | ============================================================
2026-02-16 14:43:27,004 | INFO    |   STRANGLE ENTERED  #1
2026-02-16 14:43:27,005 | INFO    |   Spot: 25843.90
2026-02-16 14:43:27,005 | INFO    |   CE: 26000 @ 59.53  (SL: 77.39)
2026-02-16 14:43:27,005 | INFO    |   PE: 25700 @ 54.24  (SL: 70.52)
2026-02-16 14:43:27,005 | INFO    |   Combined Premium: 113.77
2026-02-16 14:43:27,005 | INFO    | ============================================================
2026-02-16 14:43:27,015 | INFO    |   PE SL HIT @ 52.60 (entry: 54.24)
2026-02-16 14:43:27,023 | INFO    |   CE SL HIT @ 53.72 (entry: 59.53)
2026-02-16 14:43:27,027 | INFO    | ============================================================
2026-02-16 14:43:27,027 | INFO    |   STRANGLE CLOSED  #1
2026-02-16 14:43:27,027 | INFO    |   CE: 26000 | 59.53 -> 53.72 | SL_HIT
2026-02-16 14:43:27,027 | INFO    |   PE: 25700 | 54.24 -> 52.60 | SL_HIT
2026-02-16 14:43:27,028 | INFO    |   Gross P&L: 186
2026-02-16 14:43:27,028 | INFO    |   Costs:     207
2026-02-16 14:43:27,028 | INFO    |   Net P&L:   -20  (Trail SL Hit)
2026-02-16 14:43:27,028 | INFO    |   Capital:   149,980
2026-02-16 14:43:27,028 | INFO    | ============================================================
2026-02-16 14:43:27,030 | INFO    | ============================================================
2026-02-16 14:43:27,030 | INFO    |   STRANGLE ENTERED  #2
2026-02-16 14:43:27,030 | INFO    |   Spot: 25602.65
2026-02-16 14:43:27,031 | INFO    |   CE: 25750 @ 61.28  (SL: 79.66)
2026-02-16 14:43:27,031 | INFO    |   PE: 25450 @ 50.81  (SL: 66.05)
2026-02-16 14:43:27,031 | INFO    |   Combined Premium: 112.09
2026-02-16 14:43:27,031 | INFO    | ============================================================
2026-02-16 14:43:27,033 | INFO    |   PE SL HIT @ 66.05 (entry: 50.81)
2026-02-16 14:43:27,035 | INFO    |   CE SL HIT @ 50.51 (entry: 61.28)
2026-02-16 14:43:27,037 | INFO    | ============================================================
2026-02-16 14:43:27,037 | INFO    |   STRANGLE CLOSED  #2
2026-02-16 14:43:27,038 | INFO    |   CE: 25750 | 61.28 -> 50.51 | SL_HIT
2026-02-16 14:43:27,038 | INFO    |   PE: 25450 | 50.81 -> 66.05 | SL_HIT
2026-02-16 14:43:27,038 | INFO    |   Gross P&L: -112
2026-02-16 14:43:27,038 | INFO    |   Costs:     207
2026-02-16 14:43:27,038 | INFO    |   Net P&L:   -319  (Trail SL Hit)
2026-02-16 14:43:27,038 | INFO    |   Capital:   149,660
2026-02-16 14:43:27,038 | INFO    | ============================================================
2026-02-16 14:43:27,040 | INFO    | ============================================================
2026-02-16 14:43:27,041 | INFO    |   STRANGLE ENTERED  #3
2026-02-16 14:43:27,041 | INFO    |   Spot: 25480.65
2026-02-16 14:43:27,041 | INFO    |   CE: 25650 @ 54.02  (SL: 70.22)
2026-02-16 14:43:27,041 | INFO    |   PE: 25350 @ 56.89  (SL: 73.95)
2026-02-16 14:43:27,041 | INFO    |   Combined Premium: 110.90
2026-02-16 14:43:27,041 | INFO    | ============================================================
2026-02-16 14:43:27,043 | INFO    |   PE SL HIT @ 55.85 (entry: 56.89)
2026-02-16 14:43:27,044 | INFO    |   CE SL HIT @ 56.78 (entry: 54.02)
2026-02-16 14:43:27,046 | INFO    | ============================================================
2026-02-16 14:43:27,046 | INFO    |   STRANGLE CLOSED  #3
2026-02-16 14:43:27,046 | INFO    |   CE: 25650 | 54.02 -> 56.78 | SL_HIT
2026-02-16 14:43:27,046 | INFO    |   PE: 25350 | 56.89 -> 55.85 | SL_HIT
2026-02-16 14:43:27,047 | INFO    |   Gross P&L: -43
2026-02-16 14:43:27,047 | INFO    |   Costs:     207
2026-02-16 14:43:27,047 | INFO    |   Net P&L:   -250  (Trail SL Hit)
2026-02-16 14:43:27,047 | INFO    |   Capital:   149,410
2026-02-16 14:43:27,047 | INFO    | ============================================================
2026-02-16 14:43:27,049 | INFO    | 
============================================================
2026-02-16 14:43:27,049 | INFO    |   SAPPHIRE SIMULATION RESULTS
2026-02-16 14:43:27,049 | INFO    | ============================================================
2026-02-16 14:43:27,049 | INFO    |   Total Trades:   3
2026-02-16 14:43:27,049 | INFO    |   Winners:        0 (0.0%)
2026-02-16 14:43:27,049 | INFO    |   Losers:         3 (100.0%)
2026-02-16 14:43:27,049 | INFO    |   Gross P&L:      +31
2026-02-16 14:43:27,049 | INFO    |   Total Costs:    621
2026-02-16 14:43:27,049 | INFO    |   Net P&L:        -590
2026-02-16 14:43:27,050 | INFO    |   Best Trade:     -20
2026-02-16 14:43:27,050 | INFO    |   Worst Trade:    -319
2026-02-16 14:43:27,050 | INFO    |   Capital:        149,410
2026-02-16 14:43:27,050 | INFO    | ============================================================
2026-02-16 14:44:37,617 | INFO    | 
============================================================
2026-02-16 14:44:37,617 | INFO    |   SAPPHIRE PAPER TRADING
2026-02-16 14:44:37,617 | INFO    |   Mode: LIVE | Strategy: Short Strangle
2026-02-16 14:44:37,617 | INFO    | ============================================================
2026-02-16 14:44:37,617 | INFO    |   Polling Dhan every 5min | Capital: 150,000
2026-02-16 14:44:37,617 | INFO    |   Strangle: CE+150 / PE-150 OTM
2026-02-16 14:44:37,618 | INFO    |   Trailing SL: 30% init -> 45% trail -> 70% deep
2026-02-16 14:44:37,865 | DEBUG   | Fetched 75 candles from Dhan (2026-02-13 14:45:00 to 2026-02-16 14:40:00)
2026-02-16 14:44:37,865 | INFO    |   14:44 | Nifty: 25648 | No position
2026-02-16 14:46:30,320 | INFO    | 
============================================================
2026-02-16 14:46:30,320 | INFO    |   SAPPHIRE PAPER TRADING
2026-02-16 14:46:30,320 | INFO    |   Mode: LIVE | Strategy: Short Strangle
2026-02-16 14:46:30,320 | INFO    | ============================================================
2026-02-16 14:46:30,320 | INFO    |   Polling Dhan every 5min | Capital: 150,000
2026-02-16 14:46:30,320 | INFO    |   Strangle: CE+150 / PE-150 OTM
2026-02-16 14:46:30,320 | INFO    |   Trailing SL: 30% init -> 45% trail -> 70% deep
2026-02-16 14:46:30,526 | DEBUG   | Fetched 75 candles from Dhan (2026-02-13 14:50:00 to 2026-02-16 14:45:00)
2026-02-16 14:46:30,527 | INFO    |   14:46 | Nifty: 25646 | No position
2026-02-16 14:51:30,725 | DEBUG   | Fetched 75 candles from Dhan (2026-02-13 14:55:00 to 2026-02-16 14:50:00)
2026-02-16 14:51:30,726 | INFO    |   14:51 | Nifty: 25663 | No position
2026-02-16 14:56:30,928 | DEBUG   | Fetched 75 candles from Dhan (2026-02-13 15:00:00 to 2026-02-16 14:55:00)
2026-02-16 14:56:30,929 | INFO    |   14:56 | Nifty: 25658 | No position
2026-02-16 15:01:31,133 | DEBUG   | Fetched 75 candles from Dhan (2026-02-13 15:05:00 to 2026-02-16 15:00:00)
2026-02-16 15:01:31,134 | INFO    |   15:01 | Nifty: 25677 | No position
2026-02-16 15:06:31,265 | DEBUG   | Fetched 75 candles from Dhan (2026-02-13 15:10:00 to 2026-02-16 15:05:00)
2026-02-16 15:06:31,265 | INFO    |   15:06 | Nifty: 25685 | No position
2026-02-16 15:11:31,518 | DEBUG   | Fetched 75 candles from Dhan (2026-02-13 15:15:00 to 2026-02-16 15:10:00)
2026-02-16 15:11:31,518 | INFO    |   15:11 | Nifty: 25696 | No position
2026-02-16 15:16:31,673 | DEBUG   | Fetched 75 candles from Dhan (2026-02-13 15:20:00 to 2026-02-16 15:15:00)
2026-02-16 15:16:31,673 | INFO    |   15:16 | Nifty: 25682 | No position
2026-02-16 15:21:31,841 | DEBUG   | Fetched 75 candles from Dhan (2026-02-13 15:25:00 to 2026-02-16 15:20:00)
2026-02-16 15:21:31,841 | INFO    |   15:21 | Nifty: 25682 | No position
2026-02-16 15:26:31,975 | DEBUG   | Fetched 75 candles from Dhan (2026-02-16 09:15:00 to 2026-02-16 15:25:00)
2026-02-16 15:26:31,975 | INFO    |   15:26 | Nifty: 25686 | No position
2026-02-16 15:31:31,975 | INFO    |   No trades today.
2026-02-16 15:31:31,976 | INFO    |   Market closed. Waiting for next day...
2026-02-16 16:31:32,008 | INFO    |   No trades today.
2026-02-16 16:31:32,008 | INFO    |   Market closed. Waiting for next day...
